<?xml version="1.0" encoding="UTF-8"?>
<!-- Generated by org.testng.reporters.JUnitXMLReporter -->
<testsuite ignored="0" hostname="DESKTOP-Q5FUUUI" failures="0" tests="8" name="Test" time="32.575" errors="0" timestamp="17 May 2021 11:19:19 GMT">
  <testcase classname="vishalmavenjava.SeleniumTest" name="BrowserAutomation" time="0.014"/>
  <testcase classname="vishalmavenjava.AppiumTest" name="IOSApps" time="0.002"/>
  <testcase classname="vishalmavenjava.SeleniumTest" name="elementsUi" time="0.002"/>
  <testcase classname="vishalmavenjava.AppiumTest" name="NativeAppAndroid" time="0.005"/>
  <testcase classname="vishalmavenjava.RestApiTest" name="deleteTwitter" time="0.005"/>
  <testcase classname="vishalmavenjava.RestApiTest" name="postJira" time="0.003"/>
  <testcase classname="vishalmavenjava.GoogleTest" name="abc" time="16.487"/>
  <testcase classname="vishalmavenjava.GoogleTest" name="xyz" time="15.997"/>
</testsuite> <!-- Test -->
