<?xml version="1.0" encoding="UTF-8"?>
<!-- Generated by org.testng.reporters.JUnitXMLReporter -->
<testsuite hostname="DESKTOP-Q5FUUUI" name="Command line test" tests="8" failures="0" timestamp="18 May 2021 05:23:32 GMT" time="53.379" errors="0">
  <testcase name="IOSApps" time="0.002" classname="vishalmavenjava.AppiumTest"/>
  <testcase name="NativeAppAndroid" time="0.0" classname="vishalmavenjava.AppiumTest"/>
  <testcase name="abc" time="22.799" classname="vishalmavenjava.GoogleTest"/>
  <testcase name="xyz" time="30.499" classname="vishalmavenjava.GoogleTest"/>
  <testcase name="deleteTwitter" time="0.0" classname="vishalmavenjava.RestApiTest"/>
  <testcase name="postJira" time="0.0" classname="vishalmavenjava.RestApiTest"/>
  <testcase name="BrowserAutomation" time="0.0" classname="vishalmavenjava.SeleniumTest"/>
  <testcase name="elementsUi" time="0.0" classname="vishalmavenjava.SeleniumTest"/>
</testsuite> <!-- Command line test -->
