<?xml version="1.0" encoding="UTF-8"?>
<!-- Generated by org.testng.reporters.JUnitXMLReporter -->
<testsuite hostname="DESKTOP-Q5FUUUI" name="Test" tests="4" failures="0" timestamp="17 May 2021 09:12:55 GMT" time="0.032" errors="0">
  <testcase name="BrowserAutomation" time="0.011" classname="vishalmavenjava.SeleniumTest"/>
  <testcase name="elementsUi" time="0.001" classname="vishalmavenjava.SeleniumTest"/>
  <testcase name="IOSApps" time="0.0" classname="vishalmavenjava.AppiumTest"/>
  <testcase name="NativeAppAndroid" time="0.001" classname="vishalmavenjava.AppiumTest"/>
</testsuite> <!-- Test -->
